Arguments: 
  C:\Program Files\nodejs\node.exe C:\Users\Justin\AppData\Roaming\npm\node_modules\yarn\bin\yarn.js run build

PATH: 
  C:\Users\Justin\bin;C:\Program Files\Git\mingw64\bin;C:\Program Files\Git\usr\local\bin;C:\Program Files\Git\usr\bin;C:\Program Files\Git\usr\bin;C:\Program Files\Git\mingw64\bin;C:\Program Files\Git\usr\bin;C:\Users\Justin\bin;C:\WINDOWS\system32;C:\WINDOWS;C:\WINDOWS\System32\Wbem;C:\WINDOWS\System32\WindowsPowerShell\v1.0;C:\Program Files\nodejs;C:\Program Files (x86)\Brackets\command;C:\WINDOWS\System32\OpenSSH;C:\Program Files\Git\cmd;C:\Program Files\Microsoft VS Code\bin;C:\ProgramData\chocolatey\bin;C:\Ruby24-x64\bin;C:\Users\Justin\AppData\Local\Programs\Python\Python37\Scripts;C:\Users\Justin\AppData\Local\Programs\Python\Python37;C:\Users\Justin\AppData\Local\Microsoft\WindowsApps;C:\Users\Justin\AppData\Roaming\npm;C:\Program Files\Microsoft VS Code\bin;C:\Program Files\MongoDB\Server\3.6\bin;C:\Users\Justin\AppData\Local\Microsoft\WindowsApps;C:\Program Files\Heroku\bin;C:\Users\Justin\AppData\Local\.meteor;C:\Program Files\Git\usr\bin\vendor_perl;C:\Program Files\Git\usr\bin\core_perl

Yarn version: 
  1.5.1

Node version: 
  9.7.1

Platform: 
  win32 x64

npm manifest: 
  {
    "name": "react-src",
    "version": "0.1.0",
    "private": true,
    "dependencies": {
      "react": "^16.4.2",
      "react-dom": "^16.4.2",
      "react-icons": "^3.0.5",
      "react-logger": "^1.1.0",
      "react-redux": "^5.0.7",
      "react-router-dom": "^4.3.1",
      "react-scripts": "1.1.4",
      "react-thunk": "^1.0.0",
      "redux": "^4.0.0"
    },
    "scripts": {
      "start": "react-scripts start",
      "build": "react-scripts build",
      "test": "react-scripts test --env=jsdom",
      "eject": "react-scripts eject",
      "postinstall": "npm run build",
      "postbuild": "mv build ../django-src"
    },
    "engines": {
      "node": "9.8.0",
      "npm": "5.6.0"
    }
  }

yarn manifest: 
  No manifest

Lockfile: 
  No lockfile

Trace: 
  Error: Command failed.
  Exit code: 1
  Command: C:\WINDOWS\system32\cmd.exe
  Arguments: /d /s /c react-scripts build
  Directory: C:\Users\Justin\Desktop\CS9-LambdaMap\react_django\react-src
  Output:
  
      at ProcessTermError.MessageError (C:\Users\Justin\AppData\Roaming\npm\node_modules\yarn\lib\cli.js:186:110)
      at new ProcessTermError (C:\Users\Justin\AppData\Roaming\npm\node_modules\yarn\lib\cli.js:226:113)
      at ChildProcess.<anonymous> (C:\Users\Justin\AppData\Roaming\npm\node_modules\yarn\lib\cli.js:30281:17)
      at ChildProcess.emit (events.js:127:13)
      at maybeClose (internal/child_process.js:936:16)
      at Process.ChildProcess._handle.onexit (internal/child_process.js:220:5)
